Started GET "/" for ::1 at 2022-01-14 19:22:16 +0900
  [1m[35m (1.9ms)[0m  [1m[34mSELECT sqlite_version(*)[0m
Processing by Rails::WelcomeController#index as HTML
  Rendering /Library/Ruby/Gems/2.6.0/gems/railties-6.1.4.4/lib/rails/templates/rails/welcome/index.html.erb
  Rendered /Library/Ruby/Gems/2.6.0/gems/railties-6.1.4.4/lib/rails/templates/rails/welcome/index.html.erb (Duration: 4.6ms | Allocations: 513)
Completed 200 OK in 12ms (Views: 6.6ms | ActiveRecord: 0.0ms | Allocations: 4153)


Started GET "/" for ::1 at 2022-01-14 19:22:17 +0900
Processing by Rails::WelcomeController#index as HTML
  Rendering /Library/Ruby/Gems/2.6.0/gems/railties-6.1.4.4/lib/rails/templates/rails/welcome/index.html.erb
  Rendered /Library/Ruby/Gems/2.6.0/gems/railties-6.1.4.4/lib/rails/templates/rails/welcome/index.html.erb (Duration: 13.7ms | Allocations: 246)
Completed 200 OK in 32ms (Views: 30.0ms | ActiveRecord: 0.0ms | Allocations: 1076)


  [1m[35m (0.3ms)[0m  [1m[34mSELECT sqlite_version(*)[0m
  [1m[35m (0.4ms)[0m  [1m[35mCREATE TABLE "schema_migrations" ("version" varchar NOT NULL PRIMARY KEY)[0m
  [1m[35m (0.3ms)[0m  [1m[35mCREATE TABLE "ar_internal_metadata" ("key" varchar NOT NULL PRIMARY KEY, "value" varchar, "created_at" datetime(6) NOT NULL, "updated_at" datetime(6) NOT NULL)[0m
  [1m[35m (0.0ms)[0m  [1m[34mSELECT "schema_migrations"."version" FROM "schema_migrations" ORDER BY "schema_migrations"."version" ASC[0m
Migrating to CreateBlogs (20220115114159)
  [1m[36mTRANSACTION (0.0ms)[0m  [1m[36mbegin transaction[0m
  [1m[35m (0.3ms)[0m  [1m[35mCREATE TABLE "blogs" ("id" integer PRIMARY KEY AUTOINCREMENT NOT NULL, "title" varchar, "category" varchar, "body" text, "created_at" datetime(6) NOT NULL, "updated_at" datetime(6) NOT NULL)[0m
  [1m[36mActiveRecord::SchemaMigration Create (0.1ms)[0m  [1m[32mINSERT INTO "schema_migrations" ("version") VALUES (?)[0m  [["version", "20220115114159"]]
  [1m[36mTRANSACTION (0.3ms)[0m  [1m[36mcommit transaction[0m
  [1m[36mActiveRecord::InternalMetadata Load (0.0ms)[0m  [1m[34mSELECT "ar_internal_metadata".* FROM "ar_internal_metadata" WHERE "ar_internal_metadata"."key" = ? LIMIT ?[0m  [["key", "environment"], ["LIMIT", 1]]
  [1m[36mTRANSACTION (0.0ms)[0m  [1m[36mbegin transaction[0m
  [1m[36mActiveRecord::InternalMetadata Create (0.1ms)[0m  [1m[32mINSERT INTO "ar_internal_metadata" ("key", "value", "created_at", "updated_at") VALUES (?, ?, ?, ?)[0m  [["key", "environment"], ["value", "development"], ["created_at", "2022-01-15 11:42:17.430413"], ["updated_at", "2022-01-15 11:42:17.430413"]]
  [1m[36mTRANSACTION (0.2ms)[0m  [1m[36mcommit transaction[0m
  [1m[35m (0.0ms)[0m  [1m[34mSELECT sqlite_version(*)[0m
  [1m[35m (0.0ms)[0m  [1m[34mSELECT "schema_migrations"."version" FROM "schema_migrations" ORDER BY "schema_migrations"."version" ASC[0m
Started GET "/" for ::1 at 2022-01-15 21:34:50 +0900
  [1m[35m (0.2ms)[0m  [1m[34mSELECT sqlite_version(*)[0m
  [1m[35m (0.0ms)[0m  [1m[34mSELECT "schema_migrations"."version" FROM "schema_migrations" ORDER BY "schema_migrations"."version" ASC[0m
Processing by Rails::WelcomeController#index as HTML
  Rendering /Library/Ruby/Gems/2.6.0/gems/railties-6.1.4.4/lib/rails/templates/rails/welcome/index.html.erb
  Rendered /Library/Ruby/Gems/2.6.0/gems/railties-6.1.4.4/lib/rails/templates/rails/welcome/index.html.erb (Duration: 7.5ms | Allocations: 350)
Completed 200 OK in 12ms (Views: 8.5ms | ActiveRecord: 0.0ms | Allocations: 2707)


Started GET "/" for ::1 at 2022-01-15 21:34:53 +0900
Processing by Rails::WelcomeController#index as HTML
  Rendering /Library/Ruby/Gems/2.6.0/gems/railties-6.1.4.4/lib/rails/templates/rails/welcome/index.html.erb
  Rendered /Library/Ruby/Gems/2.6.0/gems/railties-6.1.4.4/lib/rails/templates/rails/welcome/index.html.erb (Duration: 8.8ms | Allocations: 462)
Completed 200 OK in 14ms (Views: 10.9ms | ActiveRecord: 0.0ms | Allocations: 1236)


Started GET "/index" for ::1 at 2022-01-15 21:35:01 +0900
  
ActionController::RoutingError (No route matches [GET] "/index"):
  
Started GET "/blogs" for ::1 at 2022-01-15 21:35:23 +0900
Processing by BlogsController#index as HTML
  Rendering layout layouts/application.html.erb
  Rendering blogs/index.html.erb within layouts/application
  Rendered blogs/index.html.erb within layouts/application (Duration: 5.1ms | Allocations: 1781)
  Rendered layout layouts/application.html.erb (Duration: 5.3ms | Allocations: 1852)
Completed 500 Internal Server Error in 9ms (ActiveRecord: 0.0ms | Allocations: 2931)


  
ActionView::Template::Error (The asset "img/forest.jpg" is not present in the asset pipeline.
):
    39:     <h2 class="blog-heading">Recent Blogs</h2>
    40:     <div class="blog-box">
    41:       <div class="blog-item">
    42:         <%= image_tag('img/forest.jpg', class: 'blog-image') %>
    43:         <section class="blog-text">
    44:           <h3 class="blog-text-heading">
    45:             <a href="single.html">
  
app/views/blogs/index.html.erb:42
Started GET "/" for ::1 at 2022-01-15 21:42:10 +0900
  [1m[35m (0.7ms)[0m  [1m[34mSELECT sqlite_version(*)[0m
  [1m[35m (0.1ms)[0m  [1m[34mSELECT "schema_migrations"."version" FROM "schema_migrations" ORDER BY "schema_migrations"."version" ASC[0m
Processing by Rails::WelcomeController#index as HTML
  Rendering /Library/Ruby/Gems/2.6.0/gems/railties-6.1.4.4/lib/rails/templates/rails/welcome/index.html.erb
  Rendered /Library/Ruby/Gems/2.6.0/gems/railties-6.1.4.4/lib/rails/templates/rails/welcome/index.html.erb (Duration: 9.8ms | Allocations: 722)
Completed 200 OK in 19ms (Views: 11.5ms | ActiveRecord: 0.0ms | Allocations: 3198)


Started GET "/" for ::1 at 2022-01-15 21:42:10 +0900
Processing by Rails::WelcomeController#index as HTML
  Rendering /Library/Ruby/Gems/2.6.0/gems/railties-6.1.4.4/lib/rails/templates/rails/welcome/index.html.erb
  Rendered /Library/Ruby/Gems/2.6.0/gems/railties-6.1.4.4/lib/rails/templates/rails/welcome/index.html.erb (Duration: 9.9ms | Allocations: 406)
Completed 200 OK in 13ms (Views: 11.4ms | ActiveRecord: 0.0ms | Allocations: 1296)


Started GET "/blogs" for ::1 at 2022-01-15 21:42:14 +0900
Processing by BlogsController#index as HTML
  Rendering layout layouts/application.html.erb
  Rendering blogs/index.html.erb within layouts/application
  Rendered blogs/index.html.erb within layouts/application (Duration: 83.0ms | Allocations: 15788)
  Rendered layout layouts/application.html.erb (Duration: 83.2ms | Allocations: 15860)
Completed 500 Internal Server Error in 87ms (ActiveRecord: 0.0ms | Allocations: 16868)


  
LoadError (cannot load such file -- sassc):
  
bootsnap (1.9.4) lib/bootsnap/load_path_cache/core_ext/kernel_require.rb:23:in `require'
bootsnap (1.9.4) lib/bootsnap/load_path_cache/core_ext/kernel_require.rb:23:in `block in require_with_bootsnap_lfi'
bootsnap (1.9.4) lib/bootsnap/load_path_cache/loaded_features_index.rb:93:in `register'
bootsnap (1.9.4) lib/bootsnap/load_path_cache/core_ext/kernel_require.rb:22:in `require_with_bootsnap_lfi'
bootsnap (1.9.4) lib/bootsnap/load_path_cache/core_ext/kernel_require.rb:44:in `require'
zeitwerk (2.5.3) lib/zeitwerk/kernel.rb:35:in `require'
sprockets (4.0.2) lib/sprockets/autoload/sassc.rb:2:in `<main>'
bootsnap (1.9.4) lib/bootsnap/load_path_cache/core_ext/kernel_require.rb:23:in `require'
bootsnap (1.9.4) lib/bootsnap/load_path_cache/core_ext/kernel_require.rb:23:in `block in require_with_bootsnap_lfi'
bootsnap (1.9.4) lib/bootsnap/load_path_cache/loaded_features_index.rb:88:in `register'
bootsnap (1.9.4) lib/bootsnap/load_path_cache/core_ext/kernel_require.rb:22:in `require_with_bootsnap_lfi'
bootsnap (1.9.4) lib/bootsnap/load_path_cache/core_ext/kernel_require.rb:31:in `require'
zeitwerk (2.5.3) lib/zeitwerk/kernel.rb:35:in `require'
sprockets (4.0.2) lib/sprockets/sassc_processor.rb:42:in `initialize'
sprockets (4.0.2) lib/sprockets/sassc_processor.rb:27:in `new'
sprockets (4.0.2) lib/sprockets/sassc_processor.rb:27:in `instance'
sprockets (4.0.2) lib/sprockets/sassc_processor.rb:31:in `call'
sprockets (4.0.2) lib/sprockets/processor_utils.rb:84:in `call_processor'
sprockets (4.0.2) lib/sprockets/processor_utils.rb:66:in `block in call_processors'
sprockets (4.0.2) lib/sprockets/processor_utils.rb:65:in `reverse_each'
sprockets (4.0.2) lib/sprockets/processor_utils.rb:65:in `call_processors'
sprockets (4.0.2) lib/sprockets/processor_utils.rb:22:in `block in <class:CompositeProcessor>'
sprockets (4.0.2) lib/sprockets/processor_utils.rb:33:in `call'
sprockets (4.0.2) lib/sprockets/processor_utils.rb:84:in `call_processor'
sprockets (4.0.2) lib/sprockets/processor_utils.rb:66:in `block in call_processors'
sprockets (4.0.2) lib/sprockets/processor_utils.rb:65:in `reverse_each'
sprockets (4.0.2) lib/sprockets/processor_utils.rb:65:in `call_processors'
sprockets (4.0.2) lib/sprockets/loader.rb:182:in `load_from_unloaded'
sprockets (4.0.2) lib/sprockets/loader.rb:59:in `block in load'
sprockets (4.0.2) lib/sprockets/loader.rb:337:in `fetch_asset_from_dependency_cache'
sprockets (4.0.2) lib/sprockets/loader.rb:43:in `load'
sprockets (4.0.2) lib/sprockets/cached_environment.rb:44:in `load'
sprockets (4.0.2) lib/sprockets/bundle.rb:27:in `call'
sprockets (4.0.2) lib/sprockets/processor_utils.rb:84:in `call_processor'
sprockets (4.0.2) lib/sprockets/processor_utils.rb:66:in `block in call_processors'
sprockets (4.0.2) lib/sprockets/processor_utils.rb:65:in `reverse_each'
sprockets (4.0.2) lib/sprockets/processor_utils.rb:65:in `call_processors'
sprockets (4.0.2) lib/sprockets/loader.rb:182:in `load_from_unloaded'
sprockets (4.0.2) lib/sprockets/loader.rb:59:in `block in load'
sprockets (4.0.2) lib/sprockets/loader.rb:337:in `fetch_asset_from_dependency_cache'
sprockets (4.0.2) lib/sprockets/loader.rb:43:in `load'
sprockets (4.0.2) lib/sprockets/cached_environment.rb:44:in `load'
sprockets (4.0.2) lib/sprockets/bundle.rb:32:in `block in call'
/System/Library/Frameworks/Ruby.framework/Versions/2.6/usr/lib/ruby/2.6.0/set.rb:338:in `each_key'
/System/Library/Frameworks/Ruby.framework/Versions/2.6/usr/lib/ruby/2.6.0/set.rb:338:in `each'
sprockets (4.0.2) lib/sprockets/bundle.rb:31:in `call'
sprockets (4.0.2) lib/sprockets/processor_utils.rb:84:in `call_processor'
sprockets (4.0.2) lib/sprockets/processor_utils.rb:66:in `block in call_processors'
sprockets (4.0.2) lib/sprockets/processor_utils.rb:65:in `reverse_each'
sprockets (4.0.2) lib/sprockets/processor_utils.rb:65:in `call_processors'
sprockets (4.0.2) lib/sprockets/loader.rb:182:in `load_from_unloaded'
sprockets (4.0.2) lib/sprockets/loader.rb:59:in `block in load'
sprockets (4.0.2) lib/sprockets/loader.rb:337:in `fetch_asset_from_dependency_cache'
sprockets (4.0.2) lib/sprockets/loader.rb:43:in `load'
sprockets (4.0.2) lib/sprockets/cached_environment.rb:44:in `load'
sprockets (4.0.2) lib/sprockets/base.rb:81:in `find_asset'
sprockets (4.0.2) lib/sprockets/base.rb:88:in `find_all_linked_assets'
sprockets (4.0.2) lib/sprockets/manifest.rb:125:in `block (2 levels) in find'
concurrent-ruby (1.1.9) lib/concurrent-ruby/concurrent/executor/safe_task_executor.rb:24:in `block in execute'
concurrent-ruby (1.1.9) lib/concurrent-ruby/concurrent/synchronization/mutex_lockable_object.rb:47:in `block in synchronize'
concurrent-ruby (1.1.9) lib/concurrent-ruby/concurrent/synchronization/mutex_lockable_object.rb:47:in `synchronize'
concurrent-ruby (1.1.9) lib/concurrent-ruby/concurrent/synchronization/mutex_lockable_object.rb:47:in `synchronize'
concurrent-ruby (1.1.9) lib/concurrent-ruby/concurrent/executor/safe_task_executor.rb:19:in `execute'
concurrent-ruby (1.1.9) lib/concurrent-ruby/concurrent/promise.rb:564:in `block in realize'
concurrent-ruby (1.1.9) lib/concurrent-ruby/concurrent/executor/ruby_thread_pool_executor.rb:363:in `run_task'
concurrent-ruby (1.1.9) lib/concurrent-ruby/concurrent/executor/ruby_thread_pool_executor.rb:352:in `block (3 levels) in create_worker'
concurrent-ruby (1.1.9) lib/concurrent-ruby/concurrent/executor/ruby_thread_pool_executor.rb:335:in `loop'
concurrent-ruby (1.1.9) lib/concurrent-ruby/concurrent/executor/ruby_thread_pool_executor.rb:335:in `block (2 levels) in create_worker'
concurrent-ruby (1.1.9) lib/concurrent-ruby/concurrent/executor/ruby_thread_pool_executor.rb:334:in `catch'
concurrent-ruby (1.1.9) lib/concurrent-ruby/concurrent/executor/ruby_thread_pool_executor.rb:334:in `block in create_worker'
Started GET "/" for ::1 at 2022-01-15 22:06:29 +0900
  [1m[35m (0.2ms)[0m  [1m[34mSELECT sqlite_version(*)[0m
  [1m[35m (0.1ms)[0m  [1m[34mSELECT "schema_migrations"."version" FROM "schema_migrations" ORDER BY "schema_migrations"."version" ASC[0m
Processing by Rails::WelcomeController#index as HTML
  Rendering /Library/Ruby/Gems/2.6.0/gems/railties-6.1.4.4/lib/rails/templates/rails/welcome/index.html.erb
  Rendered /Library/Ruby/Gems/2.6.0/gems/railties-6.1.4.4/lib/rails/templates/rails/welcome/index.html.erb (Duration: 3.9ms | Allocations: 350)
Completed 200 OK in 13ms (Views: 5.6ms | ActiveRecord: 0.0ms | Allocations: 2634)


Started GET "/" for ::1 at 2022-01-15 22:06:30 +0900
Processing by Rails::WelcomeController#index as HTML
  Rendering /Library/Ruby/Gems/2.6.0/gems/railties-6.1.4.4/lib/rails/templates/rails/welcome/index.html.erb
  Rendered /Library/Ruby/Gems/2.6.0/gems/railties-6.1.4.4/lib/rails/templates/rails/welcome/index.html.erb (Duration: 19.5ms | Allocations: 529)
Completed 200 OK in 22ms (Views: 20.8ms | ActiveRecord: 0.0ms | Allocations: 1419)


Started GET "/blogs" for ::1 at 2022-01-15 22:06:35 +0900
Processing by BlogsController#index as HTML
  Rendering layout layouts/application.html.erb
  Rendering blogs/index.html.erb within layouts/application
Started GET "/" for ::1 at 2022-01-15 22:10:28 +0900
  [1m[35m (0.7ms)[0m  [1m[34mSELECT sqlite_version(*)[0m
  [1m[35m (0.1ms)[0m  [1m[34mSELECT "schema_migrations"."version" FROM "schema_migrations" ORDER BY "schema_migrations"."version" ASC[0m
Processing by Rails::WelcomeController#index as HTML
  Rendering /Library/Ruby/Gems/2.6.0/gems/railties-6.1.4.4/lib/rails/templates/rails/welcome/index.html.erb
  Rendered /Library/Ruby/Gems/2.6.0/gems/railties-6.1.4.4/lib/rails/templates/rails/welcome/index.html.erb (Duration: 4.1ms | Allocations: 350)
Completed 200 OK in 12ms (Views: 5.6ms | ActiveRecord: 0.0ms | Allocations: 2611)


Started GET "/blogs" for ::1 at 2022-01-15 22:10:32 +0900
Processing by BlogsController#index as HTML
  Rendering layout layouts/application.html.erb
  Rendering blogs/index.html.erb within layouts/application
  Rendered blogs/index.html.erb within layouts/application (Duration: 22.8ms | Allocations: 7635)
  Rendered layout layouts/application.html.erb (Duration: 24.0ms | Allocations: 7707)
Completed 500 Internal Server Error in 34ms (ActiveRecord: 0.0ms | Allocations: 9179)


  
LoadError (cannot load such file -- sassc):
  
bootsnap (1.9.4) lib/bootsnap/load_path_cache/core_ext/kernel_require.rb:23:in `require'
bootsnap (1.9.4) lib/bootsnap/load_path_cache/core_ext/kernel_require.rb:23:in `block in require_with_bootsnap_lfi'
bootsnap (1.9.4) lib/bootsnap/load_path_cache/loaded_features_index.rb:93:in `register'
bootsnap (1.9.4) lib/bootsnap/load_path_cache/core_ext/kernel_require.rb:22:in `require_with_bootsnap_lfi'
bootsnap (1.9.4) lib/bootsnap/load_path_cache/core_ext/kernel_require.rb:44:in `require'
zeitwerk (2.5.3) lib/zeitwerk/kernel.rb:35:in `require'
sprockets (4.0.2) lib/sprockets/autoload/sassc.rb:2:in `<main>'
bootsnap (1.9.4) lib/bootsnap/load_path_cache/core_ext/kernel_require.rb:23:in `require'
bootsnap (1.9.4) lib/bootsnap/load_path_cache/core_ext/kernel_require.rb:23:in `block in require_with_bootsnap_lfi'
bootsnap (1.9.4) lib/bootsnap/load_path_cache/loaded_features_index.rb:88:in `register'
bootsnap (1.9.4) lib/bootsnap/load_path_cache/core_ext/kernel_require.rb:22:in `require_with_bootsnap_lfi'
bootsnap (1.9.4) lib/bootsnap/load_path_cache/core_ext/kernel_require.rb:31:in `require'
zeitwerk (2.5.3) lib/zeitwerk/kernel.rb:35:in `require'
sprockets (4.0.2) lib/sprockets/sassc_processor.rb:42:in `initialize'
sprockets (4.0.2) lib/sprockets/sassc_processor.rb:27:in `new'
sprockets (4.0.2) lib/sprockets/sassc_processor.rb:27:in `instance'
sprockets (4.0.2) lib/sprockets/sassc_processor.rb:31:in `call'
sprockets (4.0.2) lib/sprockets/processor_utils.rb:84:in `call_processor'
sprockets (4.0.2) lib/sprockets/processor_utils.rb:66:in `block in call_processors'
sprockets (4.0.2) lib/sprockets/processor_utils.rb:65:in `reverse_each'
sprockets (4.0.2) lib/sprockets/processor_utils.rb:65:in `call_processors'
sprockets (4.0.2) lib/sprockets/processor_utils.rb:22:in `block in <class:CompositeProcessor>'
sprockets (4.0.2) lib/sprockets/processor_utils.rb:33:in `call'
sprockets (4.0.2) lib/sprockets/processor_utils.rb:84:in `call_processor'
sprockets (4.0.2) lib/sprockets/processor_utils.rb:66:in `block in call_processors'
sprockets (4.0.2) lib/sprockets/processor_utils.rb:65:in `reverse_each'
sprockets (4.0.2) lib/sprockets/processor_utils.rb:65:in `call_processors'
sprockets (4.0.2) lib/sprockets/loader.rb:182:in `load_from_unloaded'
sprockets (4.0.2) lib/sprockets/loader.rb:59:in `block in load'
sprockets (4.0.2) lib/sprockets/loader.rb:337:in `fetch_asset_from_dependency_cache'
sprockets (4.0.2) lib/sprockets/loader.rb:43:in `load'
sprockets (4.0.2) lib/sprockets/cached_environment.rb:44:in `load'
sprockets (4.0.2) lib/sprockets/bundle.rb:27:in `call'
sprockets (4.0.2) lib/sprockets/processor_utils.rb:84:in `call_processor'
sprockets (4.0.2) lib/sprockets/processor_utils.rb:66:in `block in call_processors'
sprockets (4.0.2) lib/sprockets/processor_utils.rb:65:in `reverse_each'
sprockets (4.0.2) lib/sprockets/processor_utils.rb:65:in `call_processors'
sprockets (4.0.2) lib/sprockets/loader.rb:182:in `load_from_unloaded'
sprockets (4.0.2) lib/sprockets/loader.rb:59:in `block in load'
sprockets (4.0.2) lib/sprockets/loader.rb:337:in `fetch_asset_from_dependency_cache'
sprockets (4.0.2) lib/sprockets/loader.rb:43:in `load'
sprockets (4.0.2) lib/sprockets/cached_environment.rb:44:in `load'
sprockets (4.0.2) lib/sprockets/bundle.rb:32:in `block in call'
/System/Library/Frameworks/Ruby.framework/Versions/2.6/usr/lib/ruby/2.6.0/set.rb:338:in `each_key'
/System/Library/Frameworks/Ruby.framework/Versions/2.6/usr/lib/ruby/2.6.0/set.rb:338:in `each'
sprockets (4.0.2) lib/sprockets/bundle.rb:31:in `call'
sprockets (4.0.2) lib/sprockets/processor_utils.rb:84:in `call_processor'
sprockets (4.0.2) lib/sprockets/processor_utils.rb:66:in `block in call_processors'
sprockets (4.0.2) lib/sprockets/processor_utils.rb:65:in `reverse_each'
sprockets (4.0.2) lib/sprockets/processor_utils.rb:65:in `call_processors'
sprockets (4.0.2) lib/sprockets/loader.rb:182:in `load_from_unloaded'
sprockets (4.0.2) lib/sprockets/loader.rb:59:in `block in load'
sprockets (4.0.2) lib/sprockets/loader.rb:337:in `fetch_asset_from_dependency_cache'
sprockets (4.0.2) lib/sprockets/loader.rb:43:in `load'
sprockets (4.0.2) lib/sprockets/cached_environment.rb:44:in `load'
sprockets (4.0.2) lib/sprockets/base.rb:81:in `find_asset'
sprockets (4.0.2) lib/sprockets/base.rb:88:in `find_all_linked_assets'
sprockets (4.0.2) lib/sprockets/manifest.rb:125:in `block (2 levels) in find'
concurrent-ruby (1.1.9) lib/concurrent-ruby/concurrent/executor/safe_task_executor.rb:24:in `block in execute'
concurrent-ruby (1.1.9) lib/concurrent-ruby/concurrent/synchronization/mutex_lockable_object.rb:47:in `block in synchronize'
concurrent-ruby (1.1.9) lib/concurrent-ruby/concurrent/synchronization/mutex_lockable_object.rb:47:in `synchronize'
concurrent-ruby (1.1.9) lib/concurrent-ruby/concurrent/synchronization/mutex_lockable_object.rb:47:in `synchronize'
concurrent-ruby (1.1.9) lib/concurrent-ruby/concurrent/executor/safe_task_executor.rb:19:in `execute'
concurrent-ruby (1.1.9) lib/concurrent-ruby/concurrent/promise.rb:564:in `block in realize'
concurrent-ruby (1.1.9) lib/concurrent-ruby/concurrent/executor/ruby_thread_pool_executor.rb:363:in `run_task'
concurrent-ruby (1.1.9) lib/concurrent-ruby/concurrent/executor/ruby_thread_pool_executor.rb:352:in `block (3 levels) in create_worker'
concurrent-ruby (1.1.9) lib/concurrent-ruby/concurrent/executor/ruby_thread_pool_executor.rb:335:in `loop'
concurrent-ruby (1.1.9) lib/concurrent-ruby/concurrent/executor/ruby_thread_pool_executor.rb:335:in `block (2 levels) in create_worker'
concurrent-ruby (1.1.9) lib/concurrent-ruby/concurrent/executor/ruby_thread_pool_executor.rb:334:in `catch'
concurrent-ruby (1.1.9) lib/concurrent-ruby/concurrent/executor/ruby_thread_pool_executor.rb:334:in `block in create_worker'
Started GET "/blogs" for ::1 at 2022-01-15 22:11:09 +0900
  [1m[35m (0.2ms)[0m  [1m[34mSELECT sqlite_version(*)[0m
  [1m[35m (0.0ms)[0m  [1m[34mSELECT "schema_migrations"."version" FROM "schema_migrations" ORDER BY "schema_migrations"."version" ASC[0m
Processing by BlogsController#index as HTML
  Rendering layout layouts/application.html.erb
  Rendering blogs/index.html.erb within layouts/application
  Rendered blogs/index.html.erb within layouts/application (Duration: 28.0ms | Allocations: 22890)
[Webpacker] Compiling...
[Webpacker] Compiled all packs in /Users/okamotoatsushi/work/musicsync/public/packs
[Webpacker] Hash: 2034dd941d5476d8645c
Version: webpack 4.46.0
Time: 596ms
Built at: 2022/01/15 22:11:11
                                     Asset       Size       Chunks                         Chunk Names
    js/application-3dd0dc24d9c39bc09227.js    125 KiB  application  [emitted] [immutable]  application
js/application-3dd0dc24d9c39bc09227.js.map    139 KiB  application  [emitted] [dev]        application
                             manifest.json  364 bytes               [emitted]              
Entrypoint application = js/application-3dd0dc24d9c39bc09227.js js/application-3dd0dc24d9c39bc09227.js.map
[./app/javascript/channels sync recursive _channel\.js$] ./app/javascript/channels sync _channel\.js$ 160 bytes {application} [built]
[./app/javascript/channels/index.js] 211 bytes {application} [built]
[./app/javascript/packs/application.js] 492 bytes {application} [built]
[./node_modules/webpack/buildin/module.js] (webpack)/buildin/module.js 552 bytes {application} [built]
    + 3 hidden modules

  Rendered layout layouts/application.html.erb (Duration: 1952.8ms | Allocations: 37559)
Completed 200 OK in 1962ms (Views: 1954.9ms | ActiveRecord: 0.0ms | Allocations: 40795)


